Determining if the pthread_create exist failed with the following output:
Change Dir: /home/student/Projects/CarND-Capstone/ros/build/CMakeFiles/CMakeTmp

Run Build Command:"/usr/bin/make" "cmTC_66216/fast"
/usr/bin/make -f CMakeFiles/cmTC_66216.dir/build.make CMakeFiles/cmTC_66216.dir/build
make[1]: Entering directory '/home/student/Projects/CarND-Capstone/ros/build/CMakeFiles/CMakeTmp'
Building C object CMakeFiles/cmTC_66216.dir/CheckSymbolExists.c.o
/usr/bin/cc     -o CMakeFiles/cmTC_66216.dir/CheckSymbolExists.c.o   -c /home/student/Projects/CarND-Capstone/ros/build/CMakeFiles/CMakeTmp/CheckSymbolExists.c
Linking C executable cmTC_66216
/usr/bin/cmake -E cmake_link_script CMakeFiles/cmTC_66216.dir/link.txt --verbose=1
/usr/bin/cc       CMakeFiles/cmTC_66216.dir/CheckSymbolExists.c.o  -o cmTC_66216 -rdynamic 
CMakeFiles/cmTC_66216.dir/CheckSymbolExists.c.o: In function `main':
CheckSymbolExists.c:(.text+0x16): undefined reference to `pthread_create'
collect2: error: ld returned 1 exit status
CMakeFiles/cmTC_66216.dir/build.make:97: recipe for target 'cmTC_66216' failed
make[1]: *** [cmTC_66216] Error 1
make[1]: Leaving directory '/home/student/Projects/CarND-Capstone/ros/build/CMakeFiles/CMakeTmp'
Makefile:126: recipe for target 'cmTC_66216/fast' failed
make: *** [cmTC_66216/fast] Error 2

File /home/student/Projects/CarND-Capstone/ros/build/CMakeFiles/CMakeTmp/CheckSymbolExists.c:
/* */
#include <pthread.h>

int main(int argc, char** argv)
{
  (void)argv;
#ifndef pthread_create
  return ((int*)(&pthread_create))[argc];
#else
  (void)argc;
  return 0;
#endif
}

Determining if the function pthread_create exists in the pthreads failed with the following output:
Change Dir: /home/student/Projects/CarND-Capstone/ros/build/CMakeFiles/CMakeTmp

Run Build Command:"/usr/bin/make" "cmTC_667ca/fast"
/usr/bin/make -f CMakeFiles/cmTC_667ca.dir/build.make CMakeFiles/cmTC_667ca.dir/build
make[1]: Entering directory '/home/student/Projects/CarND-Capstone/ros/build/CMakeFiles/CMakeTmp'
Building C object CMakeFiles/cmTC_667ca.dir/CheckFunctionExists.c.o
/usr/bin/cc    -DCHECK_FUNCTION_EXISTS=pthread_create   -o CMakeFiles/cmTC_667ca.dir/CheckFunctionExists.c.o   -c /usr/share/cmake-3.5/Modules/CheckFunctionExists.c
Linking C executable cmTC_667ca
/usr/bin/cmake -E cmake_link_script CMakeFiles/cmTC_667ca.dir/link.txt --verbose=1
/usr/bin/cc   -DCHECK_FUNCTION_EXISTS=pthread_create    CMakeFiles/cmTC_667ca.dir/CheckFunctionExists.c.o  -o cmTC_667ca -rdynamic -lpthreads 
/usr/bin/ld: cannot find -lpthreads
collect2: error: ld returned 1 exit status
CMakeFiles/cmTC_667ca.dir/build.make:97: recipe for target 'cmTC_667ca' failed
make[1]: *** [cmTC_667ca] Error 1
make[1]: Leaving directory '/home/student/Projects/CarND-Capstone/ros/build/CMakeFiles/CMakeTmp'
Makefile:126: recipe for target 'cmTC_667ca/fast' failed
make: *** [cmTC_667ca/fast] Error 2


